<?xml version="1.0" encoding="utf-8"?><testsuites name="pytest tests"><testsuite name="pytest" errors="0" failures="0" skipped="0" tests="334" time="4.740" timestamp="2026-03-31T09:50:29.278074+05:30" hostname="didinfgi"><testcase classname="test_app" name="test_routes_get[/]" time="0.010" /><testcase classname="test_app" name="test_routes_get[/login]" time="0.005" /><testcase classname="test_app" name="test_routes_get[/dashboard]" time="0.003" /><testcase classname="test_app" name="test_routes_get[/profile]" time="0.003" /><testcase classname="test_app" name="test_routes_post[/login]" time="0.004" /><testcase classname="test_app" name="test_login_cases[payload0-expected_status0]" time="0.005" /><testcase classname="test_app" name="test_login_cases[payload1-expected_status1]" time="0.004" /><testcase classname="test_app" name="test_login_cases[payload2-expected_status2]" time="0.005" /><testcase classname="test_app" name="test_login_cases[payload3-expected_status3]" time="0.005" /><testcase classname="test_app" name="test_dashboard_without_login" time="0.003" /><testcase classname="test_app" name="test_dashboard_with_login" time="0.004" /><testcase classname="test_app" name="test_invalid_route" time="0.002" /><testcase classname="test_app" name="test_large_payload_login" time="0.108" /><testcase classname="test_app" name="test_mock_requests" time="0.125" /><testcase classname="test_app" name="test_basic_functions" time="0.001" /><testcase classname="test_app" name="test_internal_branches" time="0.001" /><testcase classname="test_app" name="test_edge_cases" time="0.001" /><testcase classname="test_app" name="test_get_or_create_secret" time="0.007" /><testcase classname="test_app" name="test_https_redirect" time="0.003" /><testcase classname="test_app" name="test_handle_exception_directly" time="0.001" /><testcase classname="test_app" name="test_handle_exception_http" time="0.001" /><testcase classname="test_app" name="test_init_db_exception" time="0.003" /><testcase classname="test_app" name="test_audit_log_success" time="0.009" /><testcase classname="test_app" name="test_audit_log_db_exception" time="0.003" /><testcase classname="test_app" name="test_get_host_from_data_none" time="0.001" /><testcase classname="test_app" name="test_get_host_from_data_not_dict" time="0.001" /><testcase classname="test_app" name="test_get_host_from_data_empty_dict" time="0.001" /><testcase classname="test_app" name="test_get_host_from_data_with_hostname" time="0.001" /><testcase classname="test_app" name="test_get_host_from_data_empty_value" time="0.001" /><testcase classname="test_app" name="test_get_host_from_data_no_matching_key" time="0.001" /><testcase classname="test_app" name="test_get_host_from_data_strips_and_uppercases" time="0.001" /><testcase classname="test_app" name="test_get_clean_host_none" time="0.001" /><testcase classname="test_app" name="test_get_clean_host_empty_string" time="0.001" /><testcase classname="test_app" name="test_get_clean_host_valid" time="0.002" /><testcase classname="test_app" name="test_get_clean_host_invalid_characters" time="0.001" /><testcase classname="test_app" name="test_get_clean_host_too_long" time="0.001" /><testcase classname="test_app" name="test_get_clean_host_exactly_50" time="0.001" /><testcase classname="test_app" name="test_get_clean_host_numbers_and_hyphens" time="0.001" /><testcase classname="test_app" name="test_csrf_get_passes" time="0.002" /><testcase classname="test_app" name="test_csrf_post_missing_token_aborts" time="0.002" /><testcase classname="test_app" name="test_csrf_post_wrong_token_aborts" time="0.003" /><testcase classname="test_app" name="test_csrf_post_valid_token_passes" time="0.001" /><testcase classname="test_app" name="test_verify_agent_missing_headers" time="0.002" /><testcase classname="test_app" name="test_verify_agent_partial_headers" time="0.002" /><testcase classname="test_app" name="test_verify_agent_expired_timestamp" time="0.002" /><testcase classname="test_app" name="test_verify_agent_invalid_timestamp" time="0.002" /><testcase classname="test_app" name="test_verify_agent_reused_nonce" time="0.002" /><testcase classname="test_app" name="test_verify_agent_db_error" time="0.003" /><testcase classname="test_app" name="test_verify_agent_no_registration_key" time="0.008" /><testcase classname="test_app" name="test_verify_agent_wrong_signature" time="0.007" /><testcase classname="test_app" name="test_verify_agent_valid" time="0.009" /><testcase classname="test_app" name="test_verify_agent_auto_register" time="0.009" /><testcase classname="test_app" name="test_verify_agent_auto_register_invalid_json" time="0.007" /><testcase classname="test_app" name="test_verify_agent_auto_register_unknown_host" time="0.008" /><testcase classname="test_app" name="test_agent_hmac_unauthorized" time="0.002" /><testcase classname="test_app" name="test_agent_hmac_no_json_body" time="0.002" /><testcase classname="test_app" name="test_agent_hmac_hostname_from_query_args" time="0.003" /><testcase classname="test_app" name="test_agent_hmac_identity_mismatch" time="0.003" /><testcase classname="test_app" name="test_agent_hmac_identity_match" time="0.002" /><testcase classname="test_app" name="test_agent_hmac_query_arg_mismatch" time="0.002" /><testcase classname="test_app" name="test_agent_limit_key_with_api_key" time="0.001" /><testcase classname="test_app" name="test_agent_limit_key_without_api_key" time="0.004" /><testcase classname="test_app" name="test_cleanup_files_deletes_old_file" time="0.005" /><testcase classname="test_app" name="test_cleanup_files_skips_new_file" time="0.004" /><testcase classname="test_app" name="test_cleanup_files_skips_non_file" time="0.004" /><testcase classname="test_app" name="test_cleanup_files_exception_branch" time="0.002" /><testcase classname="test_app" name="test_backup_db_exception_branch" time="0.002" /><testcase classname="test_app" name="test_backup_db_normal" time="0.004" /><testcase classname="test_app" name="test_backup_db_deletes_old_backups" time="0.005" /><testcase classname="test_app" name="test_backup_db_no_deletion_needed" time="0.004" /><testcase classname="test_app" name="test_send_custom_email_exception_branch" time="0.002" /><testcase classname="test_app" name="test_send_custom_email_success" time="0.009" /><testcase classname="test_app" name="test_send_custom_email_login_exception" time="0.004" /><testcase classname="test_app" name="test_send_custom_email_invalid_smtp_format" time="0.002" /><testcase classname="test_app" name="test_alert_monitor_decrypt_exception" time="0.008" /><testcase classname="test_app" name="test_alert_monitor_agent_online" time="0.009" /><testcase classname="test_app" name="test_alert_monitor_agent_offline_alert" time="0.040" /><testcase classname="test_app" name="test_alert_monitor_agent_already_alerted" time="0.009" /><testcase classname="test_app" name="test_alert_monitor_agent_back_online" time="0.009" /><testcase classname="test_app" name="test_alert_monitor_invalid_json_payload" time="0.011" /><testcase classname="test_app" name="test_alert_monitor_db_exception" time="0.002" /><testcase classname="test_app" name="test_extract_clean_string_none" time="0.001" /><testcase classname="test_app" name="test_extract_clean_string_dict_ip" time="0.001" /><testcase classname="test_app" name="test_extract_clean_string_dict_ip_list" time="0.001" /><testcase classname="test_app" name="test_extract_clean_string_dict_no_match" time="0.001" /><testcase classname="test_app" name="test_extract_clean_string_list" time="0.001" /><testcase classname="test_app" name="test_extract_clean_string_empty_list" time="0.001" /><testcase classname="test_app" name="test_extract_clean_string_filtered_values" time="0.001" /><testcase classname="test_app" name="test_extract_clean_string_valid" time="0.001" /><testcase classname="test_app" name="test_update_agent_data_new_host" time="0.008" /><testcase classname="test_app" name="test_update_agent_data_existing_host" time="0.007" /><testcase classname="test_app" name="test_update_agent_data_last_logout_updated" time="0.008" /><testcase classname="test_app" name="test_update_agent_data_no_last_login" time="0.007" /><testcase classname="test_app" name="test_update_agent_data_is_full_with_ip_mac" time="0.008" /><testcase classname="test_app" name="test_update_agent_data_partial_update" time="0.007" /><testcase classname="test_app" name="test_update_agent_data_invalid_json_payload" time="0.008" /><testcase classname="test_app" name="test_update_agent_data_db_exception" time="0.002" /><testcase classname="test_app" name="test_update_agent_data_preserves_login_logout" time="0.008" /><testcase classname="test_app" name="test_queue_cmd_new_host" time="0.008" /><testcase classname="test_app" name="test_queue_cmd_existing_host_empty_queue" time="0.007" /><testcase classname="test_app" name="test_queue_cmd_invalid_json_queue" time="0.009" /><testcase classname="test_app" name="test_queue_cmd_no_duplicate_command" time="0.007" /><testcase classname="test_app" name="test_queue_cmd_trim_queue" time="0.008" /><testcase classname="test_app" name="test_queue_cmd_db_exception" time="0.002" /><testcase classname="test_app" name="test_queue_cmd_none_queue" time="0.007" /><testcase classname="test_app" name="test_setup_redirects_if_users_exist" time="0.011" /><testcase classname="test_app" name="test_setup_get_no_users" time="0.014" /><testcase classname="test_app" name="test_setup_post_missing_username" time="0.009" /><testcase classname="test_app" name="test_setup_post_short_password" time="0.008" /><testcase classname="test_app" name="test_setup_post_valid_credentials" time="0.165" /><testcase classname="test_app" name="test_setup_post_sets_session" time="0.008" /><testcase classname="test_app" name="test_login_ip_locked_out" time="0.011" /><testcase classname="test_app" name="test_login_valid_credentials" time="0.309" /><testcase classname="test_app" name="test_login_invalid_credentials" time="0.163" /><testcase classname="test_app" name="test_login_user_not_found" time="0.013" /><testcase classname="test_app" name="test_login_check_password_hash_exception" time="0.015" /><testcase classname="test_app" name="test_login_db_exception" time="0.006" /><testcase classname="test_app" name="test_login_db_error_inside_post" time="0.011" /><testcase classname="test_app" name="test_logout" time="0.007" /><testcase classname="test_app" name="test_logout_without_session" time="0.005" /><testcase classname="test_app" name="test_dashboard_no_session" time="0.003" /><testcase classname="test_app" name="test_dashboard_with_session" time="0.006" /><testcase classname="test_app" name="test_print_all_routes" time="0.003" /><testcase classname="test_app" name="test_get_data_no_session" time="0.003" /><testcase classname="test_app" name="test_get_data_empty_agents" time="0.012" /><testcase classname="test_app" name="test_get_data_agent_online" time="0.010" /><testcase classname="test_app" name="test_get_data_agent_offline" time="0.010" /><testcase classname="test_app" name="test_get_data_invalid_json_payload" time="0.011" /><testcase classname="test_app" name="test_get_data_db_exception" time="0.006" /><testcase classname="test_app" name="test_receive_report_valid_host" time="0.006" /><testcase classname="test_app" name="test_receive_report_unknown_host" time="0.010" /><testcase classname="test_app" name="test_receive_report_exception" time="0.005" /><testcase classname="test_app" name="test_receive_heartbeat_valid_host" time="0.012" /><testcase classname="test_app" name="test_receive_heartbeat_existing_history" time="0.012" /><testcase classname="test_app" name="test_receive_heartbeat_unknown_host" time="0.009" /><testcase classname="test_app" name="test_receive_heartbeat_db_exception" time="0.005" /><testcase classname="test_app" name="test_get_commands_unknown_host" time="0.007" /><testcase classname="test_app" name="test_get_commands_no_row" time="0.051" /><testcase classname="test_app" name="test_get_commands_with_commands" time="0.011" /><testcase classname="test_app" name="test_get_commands_empty_queue" time="0.012" /><testcase classname="test_app" name="test_get_commands_invalid_json_queue" time="0.011" /><testcase classname="test_app" name="test_get_commands_db_exception" time="0.006" /><testcase classname="test_app" name="test_upload_screen_too_large" time="0.137" /><testcase classname="test_app" name="test_upload_screen_valid_image" time="0.014" /><testcase classname="test_app" name="test_upload_screen_image_with_prefix" time="0.009" /><testcase classname="test_app" name="test_upload_screen_invalid_base64" time="0.005" /><testcase classname="test_app" name="test_upload_screen_unknown_host" time="0.006" /><testcase classname="test_app" name="test_upload_screen_outer_exception" time="0.004" /><testcase classname="test_app" name="test_term_agent_poll_no_row" time="0.008" /><testcase classname="test_app" name="test_term_agent_poll_with_command" time="0.012" /><testcase classname="test_app" name="test_term_agent_poll_null_command" time="0.010" /><testcase classname="test_app" name="test_term_agent_poll_db_exception" time="0.004" /><testcase classname="test_app" name="test_term_agent_push_no_row" time="0.011" /><testcase classname="test_app" name="test_term_agent_push_existing_row" time="0.011" /><testcase classname="test_app" name="test_term_agent_push_null_output" time="0.009" /><testcase classname="test_app" name="test_term_agent_push_db_exception" time="0.005" /><testcase classname="test_app" name="test_explorer_push_no_row" time="0.010" /><testcase classname="test_app" name="test_explorer_push_existing_row" time="0.009" /><testcase classname="test_app" name="test_explorer_push_db_exception" time="0.005" /><testcase classname="test_app" name="test_services_push_no_row" time="0.012" /><testcase classname="test_app" name="test_services_push_existing_row" time="0.009" /><testcase classname="test_app" name="test_services_push_db_exception" time="0.005" /><testcase classname="test_app" name="test_eventlog_push_no_row" time="0.011" /><testcase classname="test_app" name="test_eventlog_push_existing_row" time="0.012" /><testcase classname="test_app" name="test_eventlog_push_db_exception" time="0.005" /><testcase classname="test_app" name="test_update_processes_no_row" time="0.011" /><testcase classname="test_app" name="test_update_processes_existing_row" time="0.010" /><testcase classname="test_app" name="test_update_processes_db_exception" time="0.004" /><testcase classname="test_app" name="test_create_ticket_valid" time="0.012" /><testcase classname="test_app" name="test_create_ticket_db_exception" time="0.005" /><testcase classname="test_app" name="test_log_script_known_script" time="0.009" /><testcase classname="test_app" name="test_log_script_unknown_script" time="0.011" /><testcase classname="test_app" name="test_log_script_db_exception" time="0.004" /><testcase classname="test_app" name="test_queue_command_viewer_role" time="0.006" /><testcase classname="test_app" name="test_queue_command_invalid_command" time="0.005" /><testcase classname="test_app" name="test_queue_command_non_string_command" time="0.006" /><testcase classname="test_app" name="test_queue_command_admin_role" time="0.007" /><testcase classname="test_app" name="test_queue_command_manager_allowed" time="0.007" /><testcase classname="test_app" name="test_queue_command_helpdesk_allowed" time="0.008" /><testcase classname="test_app" name="test_queue_command_insufficient_permissions" time="0.007" /><testcase classname="test_app" name="test_queue_command_exception" time="0.006" /><testcase classname="test_app" name="test_handle_settings_unauthorized" time="0.005" /><testcase classname="test_app" name="test_handle_settings_get" time="0.009" /><testcase classname="test_app" name="test_handle_settings_get_no_row" time="0.010" /><testcase classname="test_app" name="test_handle_settings_post" time="0.012" /><testcase classname="test_app" name="test_handle_settings_post_empty_password" time="0.014" /><testcase classname="test_app" name="test_handle_settings_db_exception" time="0.005" /><testcase classname="test_app" name="test_get_script_logs_no_session" time="0.003" /><testcase classname="test_app" name="test_get_script_logs_with_session" time="0.009" /><testcase classname="test_app" name="test_get_script_logs_empty" time="0.010" /><testcase classname="test_app" name="test_get_script_logs_db_exception" time="0.006" /><testcase classname="test_app" name="test_list_scripts_no_session" time="0.003" /><testcase classname="test_app" name="test_list_scripts_with_session" time="0.009" /><testcase classname="test_app" name="test_list_scripts_empty" time="0.012" /><testcase classname="test_app" name="test_list_scripts_db_exception" time="0.005" /><testcase classname="test_app" name="test_add_script_unauthorized" time="0.004" /><testcase classname="test_app" name="test_add_script_missing_name" time="0.004" /><testcase classname="test_app" name="test_add_script_missing_code" time="0.006" /><testcase classname="test_app" name="test_add_script_admin_success" time="0.011" /><testcase classname="test_app" name="test_add_script_manager_success" time="0.010" /><testcase classname="test_app" name="test_add_script_db_exception" time="0.006" /><testcase classname="test_app" name="test_delete_script_unauthorized" time="0.005" /><testcase classname="test_app" name="test_delete_script_admin_success" time="0.012" /><testcase classname="test_app" name="test_delete_script_manager_success" time="0.011" /><testcase classname="test_app" name="test_delete_script_db_exception" time="0.006" /><testcase classname="test_app" name="test_run_script_unauthorized" time="0.004" /><testcase classname="test_app" name="test_run_script_missing_script_id" time="0.004" /><testcase classname="test_app" name="test_run_script_missing_hosts" time="0.004" /><testcase classname="test_app" name="test_run_script_not_found" time="0.010" /><testcase classname="test_app" name="test_run_script_success" time="0.012" /><testcase classname="test_app" name="test_run_script_manager_success" time="0.047" /><testcase classname="test_app" name="test_run_script_db_exception" time="0.005" /><testcase classname="test_app" name="test_services_req_no_session" time="0.003" /><testcase classname="test_app" name="test_services_req_viewer_role" time="0.004" /><testcase classname="test_app" name="test_services_req_no_row" time="0.011" /><testcase classname="test_app" name="test_services_req_existing_row" time="0.013" /><testcase classname="test_app" name="test_services_req_db_exception" time="0.006" /><testcase classname="test_app" name="test_services_read_no_row" time="0.009" /><testcase classname="test_app" name="test_services_read_with_result" time="0.008" /><testcase classname="test_app" name="test_services_read_null_result" time="0.008" /><testcase classname="test_app" name="test_services_read_db_exception" time="0.004" /><testcase classname="test_app" name="test_explorer_req_no_session" time="0.003" /><testcase classname="test_app" name="test_explorer_req_viewer_role" time="0.005" /><testcase classname="test_app" name="test_explorer_req_no_row" time="0.012" /><testcase classname="test_app" name="test_explorer_req_existing_row" time="0.015" /><testcase classname="test_app" name="test_explorer_req_db_exception" time="0.007" /><testcase classname="test_app" name="test_explorer_read_no_row" time="0.008" /><testcase classname="test_app" name="test_explorer_read_with_result" time="0.007" /><testcase classname="test_app" name="test_explorer_read_null_result" time="0.008" /><testcase classname="test_app" name="test_explorer_read_db_exception" time="0.003" /><testcase classname="test_app" name="test_eventlog_req_no_session" time="0.005" /><testcase classname="test_app" name="test_eventlog_req_viewer_role" time="0.004" /><testcase classname="test_app" name="test_eventlog_req_no_row" time="0.011" /><testcase classname="test_app" name="test_eventlog_req_existing_row" time="0.012" /><testcase classname="test_app" name="test_eventlog_req_db_exception" time="0.005" /><testcase classname="test_app" name="test_eventlog_read_no_row" time="0.008" /><testcase classname="test_app" name="test_eventlog_read_with_result" time="0.010" /><testcase classname="test_app" name="test_eventlog_read_null_result" time="0.008" /><testcase classname="test_app" name="test_eventlog_read_db_exception" time="0.003" /><testcase classname="test_app" name="test_upload_deploy_file_unauthorized" time="0.005" /><testcase classname="test_app" name="test_upload_deploy_file_no_file" time="0.008" /><testcase classname="test_app" name="test_upload_deploy_file_empty_filename" time="0.009" /><testcase classname="test_app" name="test_upload_deploy_file_exe_non_admin" time="0.019" /><testcase classname="test_app" name="test_upload_deploy_file_invalid_type" time="0.008" /><testcase classname="test_app" name="test_upload_deploy_file_valid_txt" time="0.011" /><testcase classname="test_app" name="test_upload_deploy_file_exe_admin" time="0.010" /><testcase classname="test_app" name="test_list_deploy_files_no_session" time="0.003" /><testcase classname="test_app" name="test_list_deploy_files_with_files" time="0.006" /><testcase classname="test_app" name="test_list_deploy_files_empty" time="0.004" /><testcase classname="test_app" name="test_list_deploy_files_not_a_file" time="0.008" /><testcase classname="test_app" name="test_list_deploy_files_exception" time="0.006" /><testcase classname="test_app" name="test_delete_deploy_file_unauthorized" time="0.004" /><testcase classname="test_app" name="test_delete_deploy_file_admin_success" time="0.006" /><testcase classname="test_app" name="test_delete_deploy_file_manager_success" time="0.007" /><testcase classname="test_app" name="test_delete_deploy_file_exception" time="0.005" /><testcase classname="test_app" name="test_download_deploy_file_success" time="0.005" /><testcase classname="test_app" name="test_download_deploy_file_unauthorized" time="0.003" /><testcase classname="test_app" name="test_download_deploy_file_path_traversal" time="0.004" /><testcase classname="test_app" name="test_bulk_deploy_unauthorized" time="0.005" /><testcase classname="test_app" name="test_bulk_deploy_missing_hosts" time="0.005" /><testcase classname="test_app" name="test_bulk_deploy_missing_filename" time="0.004" /><testcase classname="test_app" name="test_bulk_deploy_file_exists" time="0.011" /><testcase classname="test_app" name="test_bulk_deploy_file_not_exists" time="0.008" /><testcase classname="test_app" name="test_bulk_deploy_manager_success" time="0.007" /><testcase classname="test_app" name="test_term_exec_no_session" time="0.003" /><testcase classname="test_app" name="test_term_exec_viewer_role" time="0.005" /><testcase classname="test_app" name="test_term_exec_helpdesk_role" time="0.005" /><testcase classname="test_app" name="test_term_exec_disallowed_command" time="0.005" /><testcase classname="test_app" name="test_term_exec_admin_bypasses_filter" time="0.014" /><testcase classname="test_app" name="test_term_exec_allowed_command_no_row" time="0.011" /><testcase classname="test_app" name="test_term_exec_allowed_command_existing_row" time="0.012" /><testcase classname="test_app" name="test_term_exec_db_exception" time="0.006" /><testcase classname="test_app" name="test_term_read_no_row" time="0.010" /><testcase classname="test_app" name="test_term_read_with_output" time="0.010" /><testcase classname="test_app" name="test_term_read_null_output" time="0.008" /><testcase classname="test_app" name="test_term_read_db_exception" time="0.003" /><testcase classname="test_app" name="test_get_screen_no_session" time="0.003" /><testcase classname="test_app" name="test_get_screen_file_not_exists" time="0.005" /><testcase classname="test_app" name="test_get_screen_file_exists" time="0.005" /><testcase classname="test_app" name="test_get_screen_exception" time="0.006" /><testcase classname="test_app" name="test_clear_screen_no_session" time="0.003" /><testcase classname="test_app" name="test_clear_screen_file_exists" time="0.006" /><testcase classname="test_app" name="test_clear_screen_file_not_exists" time="0.006" /><testcase classname="test_app" name="test_clear_screen_exception" time="0.006" /><testcase classname="test_app" name="test_revive_all_agents_no_session" time="0.003" /><testcase classname="test_app" name="test_revive_all_agents_viewer_role" time="0.004" /><testcase classname="test_app" name="test_revive_all_agents_no_agents" time="0.012" /><testcase classname="test_app" name="test_revive_all_agents_with_agents" time="0.012" /><testcase classname="test_app" name="test_revive_all_agents_db_exception" time="0.005" /><testcase classname="test_app" name="test_force_sync_agent_no_session" time="0.003" /><testcase classname="test_app" name="test_force_sync_agent_viewer_role" time="0.006" /><testcase classname="test_app" name="test_force_sync_agent_admin_success" time="0.006" /><testcase classname="test_app" name="test_force_sync_agent_manager_success" time="0.005" /><testcase classname="test_app" name="test_get_history_no_row" time="0.007" /><testcase classname="test_app" name="test_get_history_with_data" time="0.010" /><testcase classname="test_app" name="test_get_history_db_exception" time="0.003" /><testcase classname="test_app" name="test_delete_agent_no_session" time="0.004" /><testcase classname="test_app" name="test_delete_agent_non_admin" time="0.004" /><testcase classname="test_app" name="test_delete_agent_invalid_host" time="0.004" /><testcase classname="test_app" name="test_delete_agent_success" time="0.014" /><testcase classname="test_app" name="test_delete_agent_no_screen_file" time="0.013" /><testcase classname="test_app" name="test_delete_agent_db_exception" time="0.006" /><testcase classname="test_app" name="test_get_processes_no_row" time="0.010" /><testcase classname="test_app" name="test_get_processes_with_data" time="0.009" /><testcase classname="test_app" name="test_get_processes_null_result" time="0.008" /><testcase classname="test_app" name="test_get_processes_db_exception" time="0.004" /><testcase classname="test_app" name="test_list_users_no_session" time="0.003" /><testcase classname="test_app" name="test_list_users_non_admin" time="0.004" /><testcase classname="test_app" name="test_list_users_admin_success" time="0.009" /><testcase classname="test_app" name="test_list_users_empty" time="0.010" /><testcase classname="test_app" name="test_list_users_db_exception" time="0.008" /><testcase classname="test_app" name="test_add_user_non_admin" time="0.004" /><testcase classname="test_app" name="test_add_user_missing_username" time="0.004" /><testcase classname="test_app" name="test_add_user_short_password" time="0.004" /><testcase classname="test_app" name="test_add_user_already_exists" time="0.048" /><testcase classname="test_app" name="test_add_user_success" time="0.159" /><testcase classname="test_app" name="test_add_user_db_exception" time="0.005" /><testcase classname="test_app" name="test_delete_user_non_admin" time="0.004" /><testcase classname="test_app" name="test_delete_user_cannot_delete_admin" time="0.004" /><testcase classname="test_app" name="test_delete_user_success" time="0.010" /><testcase classname="test_app" name="test_delete_user_db_exception" time="0.007" /><testcase classname="test_app" name="test_change_password_non_admin" time="0.004" /><testcase classname="test_app" name="test_change_password_missing_username" time="0.004" /><testcase classname="test_app" name="test_change_password_short_password" time="0.004" /><testcase classname="test_app" name="test_change_password_success" time="0.162" /><testcase classname="test_app" name="test_change_password_db_exception" time="0.005" /><testcase classname="test_app" name="test_get_tickets_success" time="0.007" /><testcase classname="test_app" name="test_get_tickets_empty" time="0.008" /><testcase classname="test_app" name="test_get_tickets_db_exception" time="0.004" /><testcase classname="test_app" name="test_close_ticket_no_session" time="0.004" /><testcase classname="test_app" name="test_close_ticket_viewer_role" time="0.004" /><testcase classname="test_app" name="test_close_ticket_success" time="0.013" /><testcase classname="test_app" name="test_close_ticket_manager_success" time="0.011" /><testcase classname="test_app" name="test_close_ticket_db_exception" time="0.005" /></testsuite></testsuites>